<?xml version="1.0" encoding="UTF-8"?>
<testng-results skipped="0" failed="0" ignored="0" total="1" passed="1">
  <reporter-output>
  </reporter-output>
  <suite name="Default suite" duration-ms="79996" started-at="2019-12-09T21:57:30 IST" finished-at="2019-12-09T21:58:50 IST">
    <groups>
    </groups>
    <test name="Default test" duration-ms="79996" started-at="2019-12-09T21:57:30 IST" finished-at="2019-12-09T21:58:50 IST">
      <class name="TestNGFrameworkSample.BaseClass">
        <test-method status="PASS" signature="reportSetup()[pri:0, instance:TestNGFrameworkSample.BaseClass@6b9651f3]" name="reportSetup" is-config="true" duration-ms="292" started-at="2019-12-09T21:57:30 IST" finished-at="2019-12-09T21:57:30 IST">
          <reporter-output>
          </reporter-output>
        </test-method> <!-- reportSetup -->
        <test-method status="PASS" signature="setup()[pri:0, instance:TestNGFrameworkSample.BaseClass@6b9651f3]" name="setup" is-config="true" duration-ms="1" started-at="2019-12-09T21:57:30 IST" finished-at="2019-12-09T21:57:30 IST">
          <reporter-output>
          </reporter-output>
        </test-method> <!-- setup -->
        <test-method status="PASS" signature="sampleTest()[pri:0, instance:TestNGFrameworkSample.BaseClass@6b9651f3]" name="sampleTest" duration-ms="79560" started-at="2019-12-09T21:57:30 IST" finished-at="2019-12-09T21:58:50 IST">
          <reporter-output>
          </reporter-output>
        </test-method> <!-- sampleTest -->
        <test-method status="PASS" signature="teardown()[pri:0, instance:TestNGFrameworkSample.BaseClass@6b9651f3]" name="teardown" is-config="true" duration-ms="378" started-at="2019-12-09T21:58:50 IST" finished-at="2019-12-09T21:58:50 IST">
          <reporter-output>
          </reporter-output>
        </test-method> <!-- teardown -->
        <test-method status="PASS" signature="reportTeardown()[pri:0, instance:TestNGFrameworkSample.BaseClass@6b9651f3]" name="reportTeardown" is-config="true" duration-ms="893" started-at="2019-12-09T21:58:50 IST" finished-at="2019-12-09T21:58:51 IST">
          <reporter-output>
          </reporter-output>
        </test-method> <!-- reportTeardown -->
      </class> <!-- TestNGFrameworkSample.BaseClass -->
    </test> <!-- Default test -->
  </suite> <!-- Default suite -->
</testng-results>
